Using pre-set license
Built from '2020.3/china_unity/release' branch; Version is '2020.3.1f1c1 (3e9f4b065a9d) revision 4104011'; Using compiler version '192528614'; Build Type 'Release'
OS: 'Windows 10 Pro; OS build 19042.928; Version 2009; 64bit' Language: 'zh' Physical Memory: 16268 MB
BatchMode: 1, IsHumanControllingUs: 0, StartBugReporterOnCrash: 0, Is64bit: 1, IsPro: 0

 COMMAND LINE ARGUMENTS:
C:\Program Files\Unity\Hub\Editor\2020.3.1f1c1\Editor\Unity.exe
-adb2
-batchMode
-noUpm
-name
AssetImportWorker0
-projectPath
D:/PersonalFiles/UnityProgram_Git/MyRPGGame/MyRPGGame
-logFile
Logs/AssetImportWorker0.log
-srvPort
3404
Successfully changed project path to: D:/PersonalFiles/UnityProgram_Git/MyRPGGame/MyRPGGame
D:/PersonalFiles/UnityProgram_Git/MyRPGGame/MyRPGGame
Using Asset Import Pipeline V2.
Refreshing native plugins compatible for Editor in 30.72 ms, found 0 plugins.
Preloading 0 native plugins for Editor in 0.00 ms.
Initialize engine version: 2020.3.1f1c1 (3e9f4b065a9d)
[Subsystems] Discovering subsystems at path C:/Program Files/Unity/Hub/Editor/2020.3.1f1c1/Editor/Data/Resources/UnitySubsystems
[Subsystems] Discovering subsystems at path D:/PersonalFiles/UnityProgram_Git/MyRPGGame/MyRPGGame/Assets
GfxDevice: creating device client; threaded=0
Direct3D:
    Version:  Direct3D 11.0 [level 11.1]
    Renderer: NVIDIA GeForce GTX 1050 (ID=0x1c8d)
    Vendor:   
    VRAM:     4021 MB
    Driver:   25.21.14.1694
Initialize mono
Mono path[0] = 'C:/Program Files/Unity/Hub/Editor/2020.3.1f1c1/Editor/Data/Managed'
Mono path[1] = 'C:/Program Files/Unity/Hub/Editor/2020.3.1f1c1/Editor/Data/MonoBleedingEdge/lib/mono/unityjit'
Mono config path = 'C:/Program Files/Unity/Hub/Editor/2020.3.1f1c1/Editor/Data/MonoBleedingEdge/etc'
Using monoOptions --debugger-agent=transport=dt_socket,embedding=1,server=y,suspend=n,address=127.0.0.1:56692
Begin MonoManager ReloadAssembly
Registering precompiled unity dll's ...
Register platform support module: C:/Program Files/Unity/Hub/Editor/2020.3.1f1c1/Editor/Data/PlaybackEngines/WindowsStandaloneSupport/UnityEditor.WindowsStandalone.Extensions.dll
Registered in 0.002179 seconds.
Native extension for WindowsStandalone target not found
Refreshing native plugins compatible for Editor in 27.37 ms, found 0 plugins.
Preloading 0 native plugins for Editor in 0.00 ms.
Invoked RoslynAnalysisRunner static constructor.
RoslynAnalysisRunner will not be running.
RoslynAnalysisRunner has terminated.
Mono: successfully reloaded assembly
- Completed reload, in  1.037 seconds
Platform modules already initialized, skipping
Registering precompiled user dll's ...
Registered in 0.000541 seconds.
Begin MonoManager ReloadAssembly
Native extension for WindowsStandalone target not found
Refreshing native plugins compatible for Editor in 0.22 ms, found 0 plugins.
Preloading 0 native plugins for Editor in 0.00 ms.
Invoked RoslynAnalysisRunner static constructor.
RoslynAnalysisRunner will not be running.
RoslynAnalysisRunner has terminated.
Mono: successfully reloaded assembly
- Completed reload, in  0.985 seconds
Platform modules already initialized, skipping
========================================================================
Worker process is ready to serve import requests
Launched and connected shader compiler UnityShaderCompiler.exe after 0.06 seconds
Refreshing native plugins compatible for Editor in 0.22 ms, found 0 plugins.
Preloading 0 native plugins for Editor in 0.00 ms.
Unloading 1220 Unused Serialized files (Serialized files now loaded: 0)
System memory in use before: 66.3 MB.
System memory in use after: 66.4 MB.

Unloading 9 unused Assets to reduce memory usage. Loaded Objects now: 1667.
Total: 2.639200 ms (FindLiveObjects: 0.290100 ms CreateObjectMapping: 0.134600 ms MarkObjects: 2.089200 ms  DeleteObjects: 0.124400 ms)

========================================================================
Received Import Request.
  path: Assets
  artifactKey: Guid(00000000000000001000000000000000) Importer(815301076,1909f56bfc062723c751e8b465ee728b)
Start importing Assets using Guid(00000000000000001000000000000000) Importer(815301076,1909f56bfc062723c751e8b465ee728b)  -> (artifact id: '4cfc5f0218ae52137ceec62152cae6a9') in 0.004150 seconds
  Import took 0.006108 seconds .

========================================================================
Received Import Request.
  Time since last request: 23.528591 seconds.
  path: Assets/Characters/Player.blend
  artifactKey: Guid(73be9633513854604baae3aa06041436) Importer(815301076,1909f56bfc062723c751e8b465ee728b)
Start importing Assets/Characters/Player.blend using Guid(73be9633513854604baae3aa06041436) Importer(815301076,1909f56bfc062723c751e8b465ee728b)  -> (artifact id: '4b6bde570d770638a8a95114dd67e268') in 0.166862 seconds
  Import took 0.169451 seconds .

========================================================================
Received Import Request.
  Time since last request: 56.645325 seconds.
  path: Assets/Characters/Player.blend
  artifactKey: Guid(73be9633513854604baae3aa06041436) Importer(815301076,1909f56bfc062723c751e8b465ee728b)
Start importing Assets/Characters/Player.blend using Guid(73be9633513854604baae3aa06041436) Importer(815301076,1909f56bfc062723c751e8b465ee728b)  -> (artifact id: 'fa934f5533b7a289c5906f36d4de5f85') in 0.024533 seconds
  Import took 0.120084 seconds .

========================================================================
Received Import Request.
  Time since last request: 31.179278 seconds.
  path: Assets/Characters/Materials
  artifactKey: Guid(782c2977339d445f39366ab6746c059e) Importer(815301076,1909f56bfc062723c751e8b465ee728b)
Start importing Assets/Characters/Materials using Guid(782c2977339d445f39366ab6746c059e) Importer(815301076,1909f56bfc062723c751e8b465ee728b)  -> (artifact id: '828787a3ebade1086cb52f94295546da') in 0.002108 seconds
  Import took 0.005166 seconds .

========================================================================
Received Import Request.
  Time since last request: 0.000648 seconds.
  path: Assets/Characters/Materials
  artifactKey: Guid(782c2977339d445f39366ab6746c059e) Importer(815301076,1909f56bfc062723c751e8b465ee728b)
Start importing Assets/Characters/Materials using Guid(782c2977339d445f39366ab6746c059e) Importer(815301076,1909f56bfc062723c751e8b465ee728b)  -> (artifact id: '828787a3ebade1086cb52f94295546da') in 0.002152 seconds
  Import took 0.004348 seconds .

========================================================================
Received Import Request.
  Time since last request: 73.039972 seconds.
  path: Assets/Characters/Player.blend
  artifactKey: Guid(73be9633513854604baae3aa06041436) Importer(815301076,1909f56bfc062723c751e8b465ee728b)
Start importing Assets/Characters/Player.blend using Guid(73be9633513854604baae3aa06041436) Importer(815301076,1909f56bfc062723c751e8b465ee728b)  -> (artifact id: 'fbf11fe19adeb94a73b70a8f37dcd535') in 0.021674 seconds
  Import took 0.038742 seconds .

========================================================================
Received Import Request.
  Time since last request: 246.374278 seconds.
  path: Assets/Characters/Player.blend
  artifactKey: Guid(73be9633513854604baae3aa06041436) Importer(815301076,1909f56bfc062723c751e8b465ee728b)
Start importing Assets/Characters/Player.blend using Guid(73be9633513854604baae3aa06041436) Importer(815301076,1909f56bfc062723c751e8b465ee728b)  -> (artifact id: '792724c059e3f47ca64d92eccffb75e7') in 0.026720 seconds
  Import took 0.029970 seconds .

========================================================================
Received Import Request.
  Time since last request: 10.800493 seconds.
  path: Assets/Characters
  artifactKey: Guid(7536b34f5fd4148ca8db5c961f2dc3ab) Importer(815301076,1909f56bfc062723c751e8b465ee728b)
Start importing Assets/Characters using Guid(7536b34f5fd4148ca8db5c961f2dc3ab) Importer(815301076,1909f56bfc062723c751e8b465ee728b)  -> (artifact id: '3e9a67c8801637b33cdb77d26d450429') in 0.003225 seconds
  Import took 0.006382 seconds .

========================================================================
Received Import Request.
  Time since last request: 2.509874 seconds.
  path: Assets/Characters/Player.blend
  artifactKey: Guid(73be9633513854604baae3aa06041436) Importer(815301076,1909f56bfc062723c751e8b465ee728b)
Start importing Assets/Characters/Player.blend using Guid(73be9633513854604baae3aa06041436) Importer(815301076,1909f56bfc062723c751e8b465ee728b)  -> (artifact id: '51db589b51507f2054ebb657f2a54f27') in 0.024240 seconds
  Import took 0.027396 seconds .

========================================================================
Received Import Request.
  Time since last request: 8.191278 seconds.
  path: Assets/Characters/Player.blend
  artifactKey: Guid(73be9633513854604baae3aa06041436) Importer(815301076,1909f56bfc062723c751e8b465ee728b)
Start importing Assets/Characters/Player.blend using Guid(73be9633513854604baae3aa06041436) Importer(815301076,1909f56bfc062723c751e8b465ee728b)  -> (artifact id: '6495c3cbe9ea4da9a25b70e6ff3a4c64') in 0.021808 seconds
  Import took 0.024396 seconds .

========================================================================
Received Import Request.
  Time since last request: 87.471834 seconds.
  path: Assets/Characters/Player.blend
  artifactKey: Guid(73be9633513854604baae3aa06041436) Importer(815301076,1909f56bfc062723c751e8b465ee728b)
Start importing Assets/Characters/Player.blend using Guid(73be9633513854604baae3aa06041436) Importer(815301076,1909f56bfc062723c751e8b465ee728b)  -> (artifact id: '07638b25fca6c660b9276fb3d1737df3') in 0.022978 seconds
  Import took 0.026943 seconds .

========================================================================
Received Import Request.
  Time since last request: 413.878344 seconds.
  path: Assets/Characters/Player.blend
  artifactKey: Guid(73be9633513854604baae3aa06041436) Importer(815301076,1909f56bfc062723c751e8b465ee728b)
Start importing Assets/Characters/Player.blend using Guid(73be9633513854604baae3aa06041436) Importer(815301076,1909f56bfc062723c751e8b465ee728b)  -> (artifact id: '9fd9c4b4257d7b9c327b8165e1a17ee5') in 0.023925 seconds
  Import took 0.027236 seconds .

========================================================================
Received Import Request.
  Time since last request: 321.893169 seconds.
  path: Assets/Characters/ReExportModel
  artifactKey: Guid(c6258330f405d9743b5dfd26d691f2a0) Importer(815301076,1909f56bfc062723c751e8b465ee728b)
Start importing Assets/Characters/ReExportModel using Guid(c6258330f405d9743b5dfd26d691f2a0) Importer(815301076,1909f56bfc062723c751e8b465ee728b)  -> (artifact id: 'd5e6f0820c51dd35192f1b1be4ecdc3b') in 0.002904 seconds
  Import took 0.107887 seconds .

========================================================================
Received Import Request.
  Time since last request: 3.213648 seconds.
  path: Assets/Characters/ReExportModel/Player.fbx
  artifactKey: Guid(b00d13e0a9090464094c1d28928b3541) Importer(815301076,1909f56bfc062723c751e8b465ee728b)
Start importing Assets/Characters/ReExportModel/Player.fbx using Guid(b00d13e0a9090464094c1d28928b3541) Importer(815301076,1909f56bfc062723c751e8b465ee728b)  -> (artifact id: '869cc78946b2c68d2d144ee48c5ccdbc') in 0.101607 seconds
  Import took 0.103962 seconds .

========================================================================
Received Import Request.
  Time since last request: 77.640850 seconds.
  path: Assets/Characters/ReExportModel/Player.fbx
  artifactKey: Guid(b00d13e0a9090464094c1d28928b3541) Importer(815301076,1909f56bfc062723c751e8b465ee728b)
Start importing Assets/Characters/ReExportModel/Player.fbx using Guid(b00d13e0a9090464094c1d28928b3541) Importer(815301076,1909f56bfc062723c751e8b465ee728b)  -> (artifact id: '9e202d538aa4530cc6195cf7b48d1ae2') in 0.029984 seconds
  Import took 0.114468 seconds .

========================================================================
Received Import Request.
  Time since last request: 8.498179 seconds.
  path: Assets/Characters/ReExportModel/Player.fbx
  artifactKey: Guid(b00d13e0a9090464094c1d28928b3541) Importer(815301076,1909f56bfc062723c751e8b465ee728b)
Start importing Assets/Characters/ReExportModel/Player.fbx using Guid(b00d13e0a9090464094c1d28928b3541) Importer(815301076,1909f56bfc062723c751e8b465ee728b)  -> (artifact id: 'a836ffbead7193b2d248d97c8e0918c5') in 0.027762 seconds
  Import took 0.030632 seconds .

========================================================================
Received Import Request.
  Time since last request: 15.890739 seconds.
  path: Assets/Characters/ReExportModel/Player.fbx
  artifactKey: Guid(b00d13e0a9090464094c1d28928b3541) Importer(815301076,1909f56bfc062723c751e8b465ee728b)
Start importing Assets/Characters/ReExportModel/Player.fbx using Guid(b00d13e0a9090464094c1d28928b3541) Importer(815301076,1909f56bfc062723c751e8b465ee728b)  -> (artifact id: '887ec7d3a2a5bc372433e13383036c57') in 0.027769 seconds
  Import took 0.030496 seconds .

========================================================================
Received Import Request.
  Time since last request: 89.359076 seconds.
  path: Assets/Characters/ReExportModel/Player.fbx
  artifactKey: Guid(b00d13e0a9090464094c1d28928b3541) Importer(815301076,1909f56bfc062723c751e8b465ee728b)
Start importing Assets/Characters/ReExportModel/Player.fbx using Guid(b00d13e0a9090464094c1d28928b3541) Importer(815301076,1909f56bfc062723c751e8b465ee728b)  -> (artifact id: '0223d71d2a5d552523c924c1cbd05be4') in 0.029658 seconds
  Import took 0.033578 seconds .

========================================================================
Received Import Request.
  Time since last request: 0.009688 seconds.
  path: Assets/Characters/ReExportModel/Player.fbx
  artifactKey: Guid(b00d13e0a9090464094c1d28928b3541) Importer(815301076,1909f56bfc062723c751e8b465ee728b)
Start importing Assets/Characters/ReExportModel/Player.fbx using Guid(b00d13e0a9090464094c1d28928b3541) Importer(815301076,1909f56bfc062723c751e8b465ee728b)  -> (artifact id: '0223d71d2a5d552523c924c1cbd05be4') in 0.029544 seconds
  Import took 0.032768 seconds .

========================================================================
Received Prepare
Registering precompiled user dll's ...
Registered in 0.001771 seconds.
Begin MonoManager ReloadAssembly
Native extension for WindowsStandalone target not found
Refreshing native plugins compatible for Editor in 0.23 ms, found 0 plugins.
Preloading 0 native plugins for Editor in 0.00 ms.
Invoked RoslynAnalysisRunner static constructor.
RoslynAnalysisRunner will not be running.
RoslynAnalysisRunner has terminated.
Mono: successfully reloaded assembly
- Completed reload, in  0.954 seconds
Platform modules already initialized, skipping
Refreshing native plugins compatible for Editor in 0.32 ms, found 0 plugins.
Preloading 0 native plugins for Editor in 0.00 ms.
Unloading 1191 Unused Serialized files (Serialized files now loaded: 0)
System memory in use before: 81.9 MB.
System memory in use after: 82.0 MB.

Unloading 4 unused Assets to reduce memory usage. Loaded Objects now: 1715.
Total: 1.721100 ms (FindLiveObjects: 0.154400 ms CreateObjectMapping: 0.042600 ms MarkObjects: 1.506900 ms  DeleteObjects: 0.015800 ms)

========================================================================
Received Import Request.
  Time since last request: 117.579136 seconds.
  path: Assets/Characters/ReExportModel/NewBehaviourScript.cs
  artifactKey: Guid(e7a781dea23587b4992373f72122fc5b) Importer(815301076,1909f56bfc062723c751e8b465ee728b)
Start importing Assets/Characters/ReExportModel/NewBehaviourScript.cs using Guid(e7a781dea23587b4992373f72122fc5b) Importer(815301076,1909f56bfc062723c751e8b465ee728b)  -> (artifact id: '6f1fb8393d0f3842882947036de14d79') in 0.100256 seconds
  Import took 0.102297 seconds .

========================================================================
Received Prepare
Registering precompiled user dll's ...
Registered in 0.000861 seconds.
Begin MonoManager ReloadAssembly
Native extension for WindowsStandalone target not found
Refreshing native plugins compatible for Editor in 0.22 ms, found 0 plugins.
Preloading 0 native plugins for Editor in 0.00 ms.
Invoked RoslynAnalysisRunner static constructor.
RoslynAnalysisRunner will not be running.
RoslynAnalysisRunner has terminated.
Mono: successfully reloaded assembly
- Completed reload, in  0.871 seconds
Platform modules already initialized, skipping
Refreshing native plugins compatible for Editor in 0.23 ms, found 0 plugins.
Preloading 0 native plugins for Editor in 0.00 ms.
Unloading 1190 Unused Serialized files (Serialized files now loaded: 0)
System memory in use before: 82.0 MB.
System memory in use after: 82.1 MB.

Unloading 5 unused Assets to reduce memory usage. Loaded Objects now: 1717.
Total: 2.519700 ms (FindLiveObjects: 0.386800 ms CreateObjectMapping: 0.091700 ms MarkObjects: 1.990200 ms  DeleteObjects: 0.047600 ms)

========================================================================
Received Import Request.
  Time since last request: 44.464446 seconds.
  path: Assets/Characters/PlayerAnimator.controller
  artifactKey: Guid(15bdf8854512d114287dd43461a72bc7) Importer(815301076,1909f56bfc062723c751e8b465ee728b)
Start importing Assets/Characters/PlayerAnimator.controller using Guid(15bdf8854512d114287dd43461a72bc7) Importer(815301076,1909f56bfc062723c751e8b465ee728b)  -> (artifact id: '6af0c739d4d1a0df4ca452f51c74bf26') in 0.023352 seconds
  Import took 0.025587 seconds .

========================================================================
Received Import Request.
  Time since last request: 269.462211 seconds.
  path: Assets/Scripts
  artifactKey: Guid(952561cbbc1aa11419fa2a480ca8a4e9) Importer(815301076,1909f56bfc062723c751e8b465ee728b)
Start importing Assets/Scripts using Guid(952561cbbc1aa11419fa2a480ca8a4e9) Importer(815301076,1909f56bfc062723c751e8b465ee728b)  -> (artifact id: '6bfdb43103109a1a57f8332724a6beff') in 0.002800 seconds
  Import took 0.005762 seconds .

========================================================================
Received Import Request.
  Time since last request: 0.000750 seconds.
  path: Assets/Scripts
  artifactKey: Guid(952561cbbc1aa11419fa2a480ca8a4e9) Importer(815301076,1909f56bfc062723c751e8b465ee728b)
Start importing Assets/Scripts using Guid(952561cbbc1aa11419fa2a480ca8a4e9) Importer(815301076,1909f56bfc062723c751e8b465ee728b)  -> (artifact id: '6bfdb43103109a1a57f8332724a6beff') in 0.002251 seconds
  Import took 0.004707 seconds .

========================================================================
Received Import Request.
  Time since last request: 24.503627 seconds.
  path: Assets/Scripts/CharacterAnimator.cs
  artifactKey: Guid(0743417f6c4d93141b313b4c4b59770d) Importer(815301076,1909f56bfc062723c751e8b465ee728b)
Start importing Assets/Scripts/CharacterAnimator.cs using Guid(0743417f6c4d93141b313b4c4b59770d) Importer(815301076,1909f56bfc062723c751e8b465ee728b)  -> (artifact id: '8a87fd4b0a52e18850105f78cc6c192f') in 0.003881 seconds
  Import took 0.006766 seconds .

========================================================================
Received Prepare
Registering precompiled user dll's ...
Registered in 0.000523 seconds.
Begin MonoManager ReloadAssembly
Native extension for WindowsStandalone target not found
Refreshing native plugins compatible for Editor in 0.23 ms, found 0 plugins.
Preloading 0 native plugins for Editor in 0.00 ms.
Invoked RoslynAnalysisRunner static constructor.
RoslynAnalysisRunner will not be running.
RoslynAnalysisRunner has terminated.
Mono: successfully reloaded assembly
- Completed reload, in  0.879 seconds
Platform modules already initialized, skipping
Refreshing native plugins compatible for Editor in 0.24 ms, found 0 plugins.
Preloading 0 native plugins for Editor in 0.00 ms.
Unloading 1191 Unused Serialized files (Serialized files now loaded: 0)
System memory in use before: 82.0 MB.
System memory in use after: 82.1 MB.

Unloading 4 unused Assets to reduce memory usage. Loaded Objects now: 1721.
Total: 1.932100 ms (FindLiveObjects: 0.213900 ms CreateObjectMapping: 0.049500 ms MarkObjects: 1.649900 ms  DeleteObjects: 0.017400 ms)

========================================================================
Received Prepare
Registering precompiled user dll's ...
Registered in 0.000663 seconds.
Begin MonoManager ReloadAssembly
Native extension for WindowsStandalone target not found
Refreshing native plugins compatible for Editor in 0.29 ms, found 0 plugins.
Preloading 0 native plugins for Editor in 0.00 ms.
Invoked RoslynAnalysisRunner static constructor.
RoslynAnalysisRunner will not be running.
RoslynAnalysisRunner has terminated.
Mono: successfully reloaded assembly
- Completed reload, in  0.953 seconds
Platform modules already initialized, skipping
Refreshing native plugins compatible for Editor in 0.28 ms, found 0 plugins.
Preloading 0 native plugins for Editor in 0.00 ms.
Unloading 1191 Unused Serialized files (Serialized files now loaded: 0)
System memory in use before: 82.0 MB.
System memory in use after: 82.1 MB.

Unloading 4 unused Assets to reduce memory usage. Loaded Objects now: 1724.
Total: 2.217200 ms (FindLiveObjects: 0.241400 ms CreateObjectMapping: 0.056200 ms MarkObjects: 1.896500 ms  DeleteObjects: 0.021000 ms)

========================================================================
Received Prepare
Registering precompiled user dll's ...
Registered in 0.000845 seconds.
Begin MonoManager ReloadAssembly
Native extension for WindowsStandalone target not found
Refreshing native plugins compatible for Editor in 0.22 ms, found 0 plugins.
Preloading 0 native plugins for Editor in 0.00 ms.
Invoked RoslynAnalysisRunner static constructor.
RoslynAnalysisRunner will not be running.
RoslynAnalysisRunner has terminated.
Mono: successfully reloaded assembly
- Completed reload, in  0.840 seconds
Platform modules already initialized, skipping
Refreshing native plugins compatible for Editor in 0.23 ms, found 0 plugins.
Preloading 0 native plugins for Editor in 0.00 ms.
Unloading 1191 Unused Serialized files (Serialized files now loaded: 0)
System memory in use before: 82.0 MB.
System memory in use after: 82.1 MB.

Unloading 4 unused Assets to reduce memory usage. Loaded Objects now: 1727.
Total: 2.171600 ms (FindLiveObjects: 0.306300 ms CreateObjectMapping: 0.246300 ms MarkObjects: 1.599400 ms  DeleteObjects: 0.017900 ms)

========================================================================
Received Prepare
Registering precompiled user dll's ...
Registered in 0.000992 seconds.
Begin MonoManager ReloadAssembly
Native extension for WindowsStandalone target not found
Refreshing native plugins compatible for Editor in 0.64 ms, found 0 plugins.
Preloading 0 native plugins for Editor in 0.00 ms.
Invoked RoslynAnalysisRunner static constructor.
RoslynAnalysisRunner will not be running.
RoslynAnalysisRunner has terminated.
Mono: successfully reloaded assembly
- Completed reload, in  1.301 seconds
Platform modules already initialized, skipping
Refreshing native plugins compatible for Editor in 0.29 ms, found 0 plugins.
Preloading 0 native plugins for Editor in 0.00 ms.
Unloading 1191 Unused Serialized files (Serialized files now loaded: 0)
System memory in use before: 82.0 MB.
System memory in use after: 82.1 MB.

Unloading 4 unused Assets to reduce memory usage. Loaded Objects now: 1730.
Total: 3.162800 ms (FindLiveObjects: 0.433500 ms CreateObjectMapping: 0.116800 ms MarkObjects: 2.582400 ms  DeleteObjects: 0.027200 ms)

========================================================================
Received Import Request.
  Time since last request: 927.763160 seconds.
  path: Assets/Scripts/CharacterAnimator.cs
  artifactKey: Guid(0743417f6c4d93141b313b4c4b59770d) Importer(815301076,1909f56bfc062723c751e8b465ee728b)
Start importing Assets/Scripts/CharacterAnimator.cs using Guid(0743417f6c4d93141b313b4c4b59770d) Importer(815301076,1909f56bfc062723c751e8b465ee728b)  -> (artifact id: '384b313b014b0c55a608dfa2b5926ceb') in 0.004457 seconds
  Import took 0.007012 seconds .

========================================================================
Received Import Request.
  Time since last request: 0.007220 seconds.
  path: Assets/Scripts/CharacterAnimator.cs
  artifactKey: Guid(0743417f6c4d93141b313b4c4b59770d) Importer(815301076,1909f56bfc062723c751e8b465ee728b)
Start importing Assets/Scripts/CharacterAnimator.cs using Guid(0743417f6c4d93141b313b4c4b59770d) Importer(815301076,1909f56bfc062723c751e8b465ee728b)  -> (artifact id: '384b313b014b0c55a608dfa2b5926ceb') in 0.002295 seconds
  Import took 0.005008 seconds .

========================================================================
Received Import Request.
  Time since last request: 0.661051 seconds.
  path: Assets/Scripts/PlayerController.cs
  artifactKey: Guid(12be0db886f15b9419747302cb217468) Importer(815301076,1909f56bfc062723c751e8b465ee728b)
Start importing Assets/Scripts/PlayerController.cs using Guid(12be0db886f15b9419747302cb217468) Importer(815301076,1909f56bfc062723c751e8b465ee728b)  -> (artifact id: '3c354c9ac078e0331f177875de93411f') in 0.003295 seconds
  Import took 0.005779 seconds .

========================================================================
Received Import Request.
  Time since last request: 1.159208 seconds.
  path: Assets/Scripts/PlayerController.cs
  artifactKey: Guid(12be0db886f15b9419747302cb217468) Importer(815301076,1909f56bfc062723c751e8b465ee728b)
Start importing Assets/Scripts/PlayerController.cs using Guid(12be0db886f15b9419747302cb217468) Importer(815301076,1909f56bfc062723c751e8b465ee728b)  -> (artifact id: '3c354c9ac078e0331f177875de93411f') in 0.002428 seconds
  Import took 0.004549 seconds .

========================================================================
Received Import Request.
  Time since last request: 21.881131 seconds.
  path: Assets/Scripts/NewBehaviourScript.cs
  artifactKey: Guid(4de48301d4af702449f552372b55230a) Importer(815301076,1909f56bfc062723c751e8b465ee728b)
Start importing Assets/Scripts/NewBehaviourScript.cs using Guid(4de48301d4af702449f552372b55230a) Importer(815301076,1909f56bfc062723c751e8b465ee728b)  -> (artifact id: '80bfcf879c31d0d3c5be3db37aaba7c8') in 0.002535 seconds
  Import took 0.005553 seconds .

========================================================================
Received Prepare
Registering precompiled user dll's ...
Registered in 0.000780 seconds.
Begin MonoManager ReloadAssembly
Native extension for WindowsStandalone target not found
Refreshing native plugins compatible for Editor in 0.28 ms, found 0 plugins.
Preloading 0 native plugins for Editor in 0.00 ms.
Invoked RoslynAnalysisRunner static constructor.
RoslynAnalysisRunner will not be running.
RoslynAnalysisRunner has terminated.
Mono: successfully reloaded assembly
- Completed reload, in  1.504 seconds
Platform modules already initialized, skipping
Refreshing native plugins compatible for Editor in 0.26 ms, found 0 plugins.
Preloading 0 native plugins for Editor in 0.00 ms.
Unloading 1191 Unused Serialized files (Serialized files now loaded: 0)
System memory in use before: 82.1 MB.
System memory in use after: 82.2 MB.

Unloading 4 unused Assets to reduce memory usage. Loaded Objects now: 1733.
Total: 2.195400 ms (FindLiveObjects: 0.233600 ms CreateObjectMapping: 0.101200 ms MarkObjects: 1.838800 ms  DeleteObjects: 0.020400 ms)

AssetImportWorkerClient::OnTransportError - code=2 error=End of file
